
> clearpath@1.0.0 backend
> nodemon server.js

[33m[nodemon] 3.1.14[39m
[33m[nodemon] to restart at any time, enter `rs`[39m
[33m[nodemon] watching path(s): *.*[39m
[33m[nodemon] watching extensions: js,mjs,cjs,json[39m
[32m[nodemon] starting `node server.js`[39m
✅ Environment variables validated
✅ PostgreSQL connected → localhost:5432/clearpath_db

🚀 ClearPath API running on http://localhost:3001
   Environment : undefined
   Health check: http://localhost:3001/health

[32m[nodemon] restarting due to changes...[39m
[32m[nodemon] restarting due to changes...[39m
[32m[nodemon] starting `node server.js`[39m
✅ Environment variables validated
✅ PostgreSQL connected → localhost:5432/clearpath_db

🚀 ClearPath API running on http://localhost:3001
   Environment : undefined
   Health check: http://localhost:3001/health

[COMPLAINT] ✅ New complaint created - ID: 45c46f17-dd7a-4d35-ac65-cc36bcc06114, Status: OPEN
[COMPLAINT] ⚠️ Formspree email send failed: timeout of 5000ms exceeded
[COMPLAINT] getComplaintStatus error: error: column "cbi_message" does not exist
    at C:\Users\septs\OneDrive\Desktop\clear path\node_modules\pg-pool\index.js:45:11
    at process.processTicksAndRejections (node:internal/process/task_queues:95:5)
    at async getComplaintStatus (C:\Users\septs\OneDrive\Desktop\clear path\controllers\complaintController.js:162:22) {
  length: 111,
  severity: 'ERROR',
  code: '42703',
  detail: undefined,
  hint: undefined,
  position: '58',
  internalPosition: undefined,
  internalQuery: undefined,
  where: undefined,
  schema: undefined,
  table: undefined,
  column: undefined,
  dataType: undefined,
  constraint: undefined,
  file: 'parse_relation.c',
  line: '3827',
  routine: 'errorMissingColumn'
}
[COMPLAINT] getComplaintStatus error: error: column "cbi_message" does not exist
    at C:\Users\septs\OneDrive\Desktop\clear path\node_modules\pg-pool\index.js:45:11
    at process.processTicksAndRejections (node:internal/process/task_queues:95:5)
    at async getComplaintStatus (C:\Users\septs\OneDrive\Desktop\clear path\controllers\complaintController.js:162:22) {
  length: 111,
  severity: 'ERROR',
  code: '42703',
  detail: undefined,
  hint: undefined,
  position: '58',
  internalPosition: undefined,
  internalQuery: undefined,
  where: undefined,
  schema: undefined,
  table: undefined,
  column: undefined,
  dataType: undefined,
  constraint: undefined,
  file: 'parse_relation.c',
  line: '3827',
  routine: 'errorMissingColumn'
}
[32m[nodemon] restarting due to changes...[39m
[32m[nodemon] starting `node server.js`[39m
✅ Environment variables validated
✅ PostgreSQL connected → localhost:5432/clearpath_db
node:events:495
      throw er; // Unhandled 'error' event
      ^

Error: listen EADDRINUSE: address already in use :::3001
    at Server.setupListenHandle [as _listen2] (node:net:1817:16)
    at listenInCluster (node:net:1865:12)
    at Server.listen (node:net:1953:7)
    at Function.listen (C:\Users\septs\OneDrive\Desktop\clear path\node_modules\express\lib\application.js:635:24)
    at start (C:\Users\septs\OneDrive\Desktop\clear path\server.js:70:7)
    at process.processTicksAndRejections (node:internal/process/task_queues:95:5)
Emitted 'error' event on Server instance at:
    at emitErrorNT (node:net:1844:8)
    at process.processTicksAndRejections (node:internal/process/task_queues:82:21) {
  code: 'EADDRINUSE',
  errno: -4091,
  syscall: 'listen',
  address: '::',
  port: 3001
}

Node.js v18.20.8
[31m[nodemon] app crashed - waiting for file changes before starting...[39m
[32m[nodemon] restarting due to changes...[39m
[32m[nodemon] starting `node server.js`[39m
✅ Environment variables validated
[32m[nodemon] restarting due to changes...[39m
✅ PostgreSQL connected → localhost:5432/clearpath_db

🚀 ClearPath API running on http://localhost:3001
   Environment : undefined
   Health check: http://localhost:3001/health

[32m[nodemon] starting `node server.js`[39m
✅ Environment variables validated
✅ PostgreSQL connected → localhost:5432/clearpath_db
node:events:495
      throw er; // Unhandled 'error' event
      ^

Error: listen EADDRINUSE: address already in use :::3001
    at Server.setupListenHandle [as _listen2] (node:net:1817:16)
    at listenInCluster (node:net:1865:12)
    at Server.listen (node:net:1953:7)
    at Function.listen (C:\Users\septs\OneDrive\Desktop\clear path\node_modules\express\lib\application.js:635:24)
    at start (C:\Users\septs\OneDrive\Desktop\clear path\server.js:70:7)
    at process.processTicksAndRejections (node:internal/process/task_queues:95:5)
Emitted 'error' event on Server instance at:
    at emitErrorNT (node:net:1844:8)
    at process.processTicksAndRejections (node:internal/process/task_queues:82:21) {
  code: 'EADDRINUSE',
  errno: -4091,
  syscall: 'listen',
  address: '::',
  port: 3001
}

Node.js v18.20.8
[31m[nodemon] app crashed - waiting for file changes before starting...[39m
[32m[nodemon] restarting due to changes...[39m
[32m[nodemon] starting `node server.js`[39m
✅ Environment variables validated
[32m[nodemon] restarting due to changes...[39m
✅ PostgreSQL connected → localhost:5432/clearpath_db

🚀 ClearPath API running on http://localhost:3001
   Environment : undefined
   Health check: http://localhost:3001/health

[32m[nodemon] starting `node server.js`[39m
✅ Environment variables validated
✅ PostgreSQL connected → localhost:5432/clearpath_db

🚀 ClearPath API running on http://localhost:3001
   Environment : undefined
   Health check: http://localhost:3001/health

[32m[nodemon] restarting due to changes...[39m
[32m[nodemon] restarting due to changes...[39m
[32m[nodemon] starting `node server.js`[39m
✅ Environment variables validated
✅ PostgreSQL connected → localhost:5432/clearpath_db

🚀 ClearPath API running on http://localhost:3001
   Environment : undefined
   Health check: http://localhost:3001/health

[32m[nodemon] restarting due to changes...[39m
[32m[nodemon] starting `node server.js`[39m
✅ Environment variables validated
✅ PostgreSQL connected → localhost:5432/clearpath_db

🚀 ClearPath API running on http://localhost:3001
   Environment : undefined
   Health check: http://localhost:3001/health

[32m[nodemon] restarting due to changes...[39m
[32m[nodemon] starting `node server.js`[39m
✅ Environment variables validated
✅ PostgreSQL connected → localhost:5432/clearpath_db

🚀 ClearPath API running on http://localhost:3001
   Environment : undefined
   Health check: http://localhost:3001/health

[32m[nodemon] restarting due to changes...[39m
[32m[nodemon] starting `node server.js`[39m
✅ Environment variables validated
C:\Users\septs\OneDrive\Desktop\clear path\controllers\complaintController.js:85
    let encryptedName, encryptedEmail, encryptedPhone, iv;
        ^

SyntaxError: Identifier 'encryptedName' has already been declared
    at internalCompileFunction (node:internal/vm:76:18)
    at wrapSafe (node:internal/modules/cjs/loader:1283:20)
    at Module._compile (node:internal/modules/cjs/loader:1328:27)
    at Module._extensions..js (node:internal/modules/cjs/loader:1422:10)
    at Module.load (node:internal/modules/cjs/loader:1203:32)
    at Module._load (node:internal/modules/cjs/loader:1019:12)
    at Module.require (node:internal/modules/cjs/loader:1231:19)
    at require (node:internal/modules/helpers:177:18)
    at Object.<anonymous> (C:\Users\septs\OneDrive\Desktop\clear path\routes\complaints.js:9:49)
    at Module._compile (node:internal/modules/cjs/loader:1364:14)

Node.js v18.20.8
[31m[nodemon] app crashed - waiting for file changes before starting...[39m
[32m[nodemon] restarting due to changes...[39m
[32m[nodemon] starting `node server.js`[39m
✅ Environment variables validated
C:\Users\septs\OneDrive\Desktop\clear path\controllers\complaintController.js:85
    let encryptedName, encryptedEmail, encryptedPhone, iv;
        ^

SyntaxError: Identifier 'encryptedName' has already been declared
    at internalCompileFunction (node:internal/vm:76:18)
    at wrapSafe (node:internal/modules/cjs/loader:1283:20)
    at Module._compile (node:internal/modules/cjs/loader:1328:27)
    at Module._extensions..js (node:internal/modules/cjs/loader:1422:10)
    at Module.load (node:internal/modules/cjs/loader:1203:32)
    at Module._load (node:internal/modules/cjs/loader:1019:12)
    at Module.require (node:internal/modules/cjs/loader:1231:19)
    at require (node:internal/modules/helpers:177:18)
    at Object.<anonymous> (C:\Users\septs\OneDrive\Desktop\clear path\routes\complaints.js:9:49)
    at Module._compile (node:internal/modules/cjs/loader:1364:14)

Node.js v18.20.8
[31m[nodemon] app crashed - waiting for file changes before starting...[39m
[32m[nodemon] restarting due to changes...[39m
[32m[nodemon] starting `node server.js`[39m
✅ Environment variables validated
C:\Users\septs\OneDrive\Desktop\clear path\controllers\complaintController.js:85
    let encryptedName, encryptedEmail, encryptedPhone, iv;
        ^

SyntaxError: Identifier 'encryptedName' has already been declared
    at internalCompileFunction (node:internal/vm:76:18)
    at wrapSafe (node:internal/modules/cjs/loader:1283:20)
    at Module._compile (node:internal/modules/cjs/loader:1328:27)
    at Module._extensions..js (node:internal/modules/cjs/loader:1422:10)
    at Module.load (node:internal/modules/cjs/loader:1203:32)
    at Module._load (node:internal/modules/cjs/loader:1019:12)
    at Module.require (node:internal/modules/cjs/loader:1231:19)
    at require (node:internal/modules/helpers:177:18)
    at Object.<anonymous> (C:\Users\septs\OneDrive\Desktop\clear path\routes\complaints.js:9:49)
    at Module._compile (node:internal/modules/cjs/loader:1364:14)

Node.js v18.20.8
[31m[nodemon] app crashed - waiting for file changes before starting...[39m
[32m[nodemon] restarting due to changes...[39m
[32m[nodemon] starting `node server.js`[39m
✅ Environment variables validated
C:\Users\septs\OneDrive\Desktop\clear path\controllers\complaintController.js:85
    let encryptedName, encryptedEmail, encryptedPhone, iv;
        ^

SyntaxError: Identifier 'encryptedName' has already been declared
    at internalCompileFunction (node:internal/vm:76:18)
    at wrapSafe (node:internal/modules/cjs/loader:1283:20)
    at Module._compile (node:internal/modules/cjs/loader:1328:27)
    at Module._extensions..js (node:internal/modules/cjs/loader:1422:10)
    at Module.load (node:internal/modules/cjs/loader:1203:32)
    at Module._load (node:internal/modules/cjs/loader:1019:12)
    at Module.require (node:internal/modules/cjs/loader:1231:19)
    at require (node:internal/modules/helpers:177:18)
    at Object.<anonymous> (C:\Users\septs\OneDrive\Desktop\clear path\routes\complaints.js:9:49)
    at Module._compile (node:internal/modules/cjs/loader:1364:14)

Node.js v18.20.8
[31m[nodemon] app crashed - waiting for file changes before starting...[39m
[32m[nodemon] restarting due to changes...[39m
[32m[nodemon] starting `node server.js`[39m
✅ Environment variables validated
C:\Users\septs\OneDrive\Desktop\clear path\controllers\complaintController.js:85
    let encryptedName, encryptedEmail, encryptedPhone, iv;
        ^

SyntaxError: Identifier 'encryptedName' has already been declared
    at internalCompileFunction (node:internal/vm:76:18)
    at wrapSafe (node:internal/modules/cjs/loader:1283:20)
    at Module._compile (node:internal/modules/cjs/loader:1328:27)
    at Module._extensions..js (node:internal/modules/cjs/loader:1422:10)
    at Module.load (node:internal/modules/cjs/loader:1203:32)
    at Module._load (node:internal/modules/cjs/loader:1019:12)
    at Module.require (node:internal/modules/cjs/loader:1231:19)
    at require (node:internal/modules/helpers:177:18)
    at Object.<anonymous> (C:\Users\septs\OneDrive\Desktop\clear path\routes\complaints.js:9:49)
    at Module._compile (node:internal/modules/cjs/loader:1364:14)

Node.js v18.20.8
[31m[nodemon] app crashed - waiting for file changes before starting...[39m
[32m[nodemon] restarting due to changes...[39m
[32m[nodemon] starting `node server.js`[39m
✅ Environment variables validated
C:\Users\septs\OneDrive\Desktop\clear path\controllers\complaintController.js:85
    let encryptedName, encryptedEmail, encryptedPhone, iv;
        ^

SyntaxError: Identifier 'encryptedName' has already been declared
    at internalCompileFunction (node:internal/vm:76:18)
    at wrapSafe (node:internal/modules/cjs/loader:1283:20)
    at Module._compile (node:internal/modules/cjs/loader:1328:27)
    at Module._extensions..js (node:internal/modules/cjs/loader:1422:10)
    at Module.load (node:internal/modules/cjs/loader:1203:32)
    at Module._load (node:internal/modules/cjs/loader:1019:12)
    at Module.require (node:internal/modules/cjs/loader:1231:19)
    at require (node:internal/modules/helpers:177:18)
    at Object.<anonymous> (C:\Users\septs\OneDrive\Desktop\clear path\routes\complaints.js:9:49)
    at Module._compile (node:internal/modules/cjs/loader:1364:14)

Node.js v18.20.8
[31m[nodemon] app crashed - waiting for file changes before starting...[39m
[32m[nodemon] restarting due to changes...[39m
[32m[nodemon] starting `node server.js`[39m
✅ Environment variables validated
C:\Users\septs\OneDrive\Desktop\clear path\controllers\complaintController.js:85
    let encryptedName, encryptedEmail, encryptedPhone, iv;
        ^

SyntaxError: Identifier 'encryptedName' has already been declared
    at internalCompileFunction (node:internal/vm:76:18)
    at wrapSafe (node:internal/modules/cjs/loader:1283:20)
    at Module._compile (node:internal/modules/cjs/loader:1328:27)
    at Module._extensions..js (node:internal/modules/cjs/loader:1422:10)
    at Module.load (node:internal/modules/cjs/loader:1203:32)
    at Module._load (node:internal/modules/cjs/loader:1019:12)
    at Module.require (node:internal/modules/cjs/loader:1231:19)
    at require (node:internal/modules/helpers:177:18)
    at Object.<anonymous> (C:\Users\septs\OneDrive\Desktop\clear path\routes\complaints.js:9:49)
    at Module._compile (node:internal/modules/cjs/loader:1364:14)

Node.js v18.20.8
[31m[nodemon] app crashed - waiting for file changes before starting...[39m
[32m[nodemon] restarting due to changes...[39m
[32m[nodemon] starting `node server.js`[39m
✅ Environment variables validated
C:\Users\septs\OneDrive\Desktop\clear path\controllers\complaintController.js:85
    let encryptedName, encryptedEmail, encryptedPhone, iv;
        ^

SyntaxError: Identifier 'encryptedName' has already been declared
    at internalCompileFunction (node:internal/vm:76:18)
    at wrapSafe (node:internal/modules/cjs/loader:1283:20)
    at Module._compile (node:internal/modules/cjs/loader:1328:27)
    at Module._extensions..js (node:internal/modules/cjs/loader:1422:10)
    at Module.load (node:internal/modules/cjs/loader:1203:32)
    at Module._load (node:internal/modules/cjs/loader:1019:12)
    at Module.require (node:internal/modules/cjs/loader:1231:19)
    at require (node:internal/modules/helpers:177:18)
    at Object.<anonymous> (C:\Users\septs\OneDrive\Desktop\clear path\routes\complaints.js:9:49)
    at Module._compile (node:internal/modules/cjs/loader:1364:14)

Node.js v18.20.8
[31m[nodemon] app crashed - waiting for file changes before starting...[39m
[32m[nodemon] restarting due to changes...[39m
[32m[nodemon] starting `node server.js`[39m
✅ Environment variables validated
C:\Users\septs\OneDrive\Desktop\clear path\controllers\complaintController.js:85
    let encryptedName, encryptedEmail, encryptedPhone, iv;
        ^

SyntaxError: Identifier 'encryptedName' has already been declared
    at internalCompileFunction (node:internal/vm:76:18)
    at wrapSafe (node:internal/modules/cjs/loader:1283:20)
    at Module._compile (node:internal/modules/cjs/loader:1328:27)
    at Module._extensions..js (node:internal/modules/cjs/loader:1422:10)
    at Module.load (node:internal/modules/cjs/loader:1203:32)
    at Module._load (node:internal/modules/cjs/loader:1019:12)
    at Module.require (node:internal/modules/cjs/loader:1231:19)
    at require (node:internal/modules/helpers:177:18)
    at Object.<anonymous> (C:\Users\septs\OneDrive\Desktop\clear path\routes\complaints.js:9:49)
    at Module._compile (node:internal/modules/cjs/loader:1364:14)

Node.js v18.20.8
[31m[nodemon] app crashed - waiting for file changes before starting...[39m
[32m[nodemon] restarting due to changes...[39m
[32m[nodemon] starting `node server.js`[39m
(node:11312) MaxListenersExceededWarning: Possible EventEmitter memory leak detected. 11 exit listeners added to [Bus]. Use emitter.setMaxListeners() to increase limit
(Use `node --trace-warnings ...` to show where the warning was created)
✅ Environment variables validated
C:\Users\septs\OneDrive\Desktop\clear path\controllers\complaintController.js:85
    let encryptedName, encryptedEmail, encryptedPhone, iv;
        ^

SyntaxError: Identifier 'encryptedName' has already been declared
    at internalCompileFunction (node:internal/vm:76:18)
    at wrapSafe (node:internal/modules/cjs/loader:1283:20)
    at Module._compile (node:internal/modules/cjs/loader:1328:27)
    at Module._extensions..js (node:internal/modules/cjs/loader:1422:10)
    at Module.load (node:internal/modules/cjs/loader:1203:32)
    at Module._load (node:internal/modules/cjs/loader:1019:12)
    at Module.require (node:internal/modules/cjs/loader:1231:19)
    at require (node:internal/modules/helpers:177:18)
    at Object.<anonymous> (C:\Users\septs\OneDrive\Desktop\clear path\routes\complaints.js:9:49)
    at Module._compile (node:internal/modules/cjs/loader:1364:14)

Node.js v18.20.8
[31m[nodemon] app crashed - waiting for file changes before starting...[39m
[32m[nodemon] restarting due to changes...[39m
[32m[nodemon] starting `node server.js`[39m
✅ Environment variables validated
C:\Users\septs\OneDrive\Desktop\clear path\controllers\complaintController.js:83
    let encryptedName, encryptedEmail, encryptedPhone, iv;
        ^

SyntaxError: Identifier 'encryptedName' has already been declared
    at internalCompileFunction (node:internal/vm:76:18)
    at wrapSafe (node:internal/modules/cjs/loader:1283:20)
    at Module._compile (node:internal/modules/cjs/loader:1328:27)
    at Module._extensions..js (node:internal/modules/cjs/loader:1422:10)
    at Module.load (node:internal/modules/cjs/loader:1203:32)
    at Module._load (node:internal/modules/cjs/loader:1019:12)
    at Module.require (node:internal/modules/cjs/loader:1231:19)
    at require (node:internal/modules/helpers:177:18)
    at Object.<anonymous> (C:\Users\septs\OneDrive\Desktop\clear path\routes\complaints.js:9:49)
    at Module._compile (node:internal/modules/cjs/loader:1364:14)

Node.js v18.20.8
[31m[nodemon] app crashed - waiting for file changes before starting...[39m
[32m[nodemon] restarting due to changes...[39m
[32m[nodemon] starting `node server.js`[39m
✅ Environment variables validated
C:\Users\septs\OneDrive\Desktop\clear path\controllers\complaintController.js:83
    let encryptedName, encryptedEmail, encryptedPhone, iv;
        ^

SyntaxError: Identifier 'encryptedName' has already been declared
    at internalCompileFunction (node:internal/vm:76:18)
    at wrapSafe (node:internal/modules/cjs/loader:1283:20)
    at Module._compile (node:internal/modules/cjs/loader:1328:27)
    at Module._extensions..js (node:internal/modules/cjs/loader:1422:10)
    at Module.load (node:internal/modules/cjs/loader:1203:32)
    at Module._load (node:internal/modules/cjs/loader:1019:12)
    at Module.require (node:internal/modules/cjs/loader:1231:19)
    at require (node:internal/modules/helpers:177:18)
    at Object.<anonymous> (C:\Users\septs\OneDrive\Desktop\clear path\routes\complaints.js:9:49)
    at Module._compile (node:internal/modules/cjs/loader:1364:14)

Node.js v18.20.8
[31m[nodemon] app crashed - waiting for file changes before starting...[39m
[32m[nodemon] restarting due to changes...[39m
[32m[nodemon] starting `node server.js`[39m
✅ Environment variables validated
C:\Users\septs\OneDrive\Desktop\clear path\controllers\complaintController.js:83
    let encryptedName, encryptedEmail, encryptedPhone, iv;
        ^

SyntaxError: Identifier 'encryptedName' has already been declared
    at internalCompileFunction (node:internal/vm:76:18)
    at wrapSafe (node:internal/modules/cjs/loader:1283:20)
    at Module._compile (node:internal/modules/cjs/loader:1328:27)
    at Module._extensions..js (node:internal/modules/cjs/loader:1422:10)
    at Module.load (node:internal/modules/cjs/loader:1203:32)
    at Module._load (node:internal/modules/cjs/loader:1019:12)
    at Module.require (node:internal/modules/cjs/loader:1231:19)
    at require (node:internal/modules/helpers:177:18)
    at Object.<anonymous> (C:\Users\septs\OneDrive\Desktop\clear path\routes\complaints.js:9:49)
    at Module._compile (node:internal/modules/cjs/loader:1364:14)

Node.js v18.20.8
[31m[nodemon] app crashed - waiting for file changes before starting...[39m
[32m[nodemon] restarting due to changes...[39m
[32m[nodemon] starting `node server.js`[39m
✅ Environment variables validated
C:\Users\septs\OneDrive\Desktop\clear path\controllers\complaintController.js:83
    let encryptedName, encryptedEmail, encryptedPhone, iv;
        ^

SyntaxError: Identifier 'encryptedName' has already been declared
    at internalCompileFunction (node:internal/vm:76:18)
    at wrapSafe (node:internal/modules/cjs/loader:1283:20)
    at Module._compile (node:internal/modules/cjs/loader:1328:27)
    at Module._extensions..js (node:internal/modules/cjs/loader:1422:10)
    at Module.load (node:internal/modules/cjs/loader:1203:32)
    at Module._load (node:internal/modules/cjs/loader:1019:12)
    at Module.require (node:internal/modules/cjs/loader:1231:19)
    at require (node:internal/modules/helpers:177:18)
    at Object.<anonymous> (C:\Users\septs\OneDrive\Desktop\clear path\routes\complaints.js:9:49)
    at Module._compile (node:internal/modules/cjs/loader:1364:14)

Node.js v18.20.8
[31m[nodemon] app crashed - waiting for file changes before starting...[39m
[32m[nodemon] restarting due to changes...[39m
[32m[nodemon] starting `node server.js`[39m
✅ Environment variables validated
C:\Users\septs\OneDrive\Desktop\clear path\controllers\complaintController.js:83
    let encryptedName, encryptedEmail, encryptedPhone, iv;
        ^

SyntaxError: Identifier 'encryptedName' has already been declared
    at internalCompileFunction (node:internal/vm:76:18)
    at wrapSafe (node:internal/modules/cjs/loader:1283:20)
    at Module._compile (node:internal/modules/cjs/loader:1328:27)
    at Module._extensions..js (node:internal/modules/cjs/loader:1422:10)
    at Module.load (node:internal/modules/cjs/loader:1203:32)
    at Module._load (node:internal/modules/cjs/loader:1019:12)
    at Module.require (node:internal/modules/cjs/loader:1231:19)
    at require (node:internal/modules/helpers:177:18)
    at Object.<anonymous> (C:\Users\septs\OneDrive\Desktop\clear path\routes\complaints.js:9:49)
    at Module._compile (node:internal/modules/cjs/loader:1364:14)

Node.js v18.20.8
[31m[nodemon] app crashed - waiting for file changes before starting...[39m
[32m[nodemon] restarting due to changes...[39m
[32m[nodemon] starting `node server.js`[39m
✅ Environment variables validated
C:\Users\septs\OneDrive\Desktop\clear path\controllers\complaintController.js:83
    let encryptedName, encryptedEmail, encryptedPhone, iv;
        ^

SyntaxError: Identifier 'encryptedName' has already been declared
    at internalCompileFunction (node:internal/vm:76:18)
    at wrapSafe (node:internal/modules/cjs/loader:1283:20)
    at Module._compile (node:internal/modules/cjs/loader:1328:27)
    at Module._extensions..js (node:internal/modules/cjs/loader:1422:10)
    at Module.load (node:internal/modules/cjs/loader:1203:32)
    at Module._load (node:internal/modules/cjs/loader:1019:12)
    at Module.require (node:internal/modules/cjs/loader:1231:19)
    at require (node:internal/modules/helpers:177:18)
    at Object.<anonymous> (C:\Users\septs\OneDrive\Desktop\clear path\routes\complaints.js:9:49)
    at Module._compile (node:internal/modules/cjs/loader:1364:14)

Node.js v18.20.8
[31m[nodemon] app crashed - waiting for file changes before starting...[39m
[32m[nodemon] restarting due to changes...[39m
[32m[nodemon] starting `node server.js`[39m
✅ Environment variables validated
C:\Users\septs\OneDrive\Desktop\clear path\controllers\complaintController.js:83
    let encryptedName, encryptedEmail, encryptedPhone, iv;
        ^

SyntaxError: Identifier 'encryptedName' has already been declared
    at internalCompileFunction (node:internal/vm:76:18)
    at wrapSafe (node:internal/modules/cjs/loader:1283:20)
    at Module._compile (node:internal/modules/cjs/loader:1328:27)
    at Module._extensions..js (node:internal/modules/cjs/loader:1422:10)
    at Module.load (node:internal/modules/cjs/loader:1203:32)
    at Module._load (node:internal/modules/cjs/loader:1019:12)
    at Module.require (node:internal/modules/cjs/loader:1231:19)
    at require (node:internal/modules/helpers:177:18)
    at Object.<anonymous> (C:\Users\septs\OneDrive\Desktop\clear path\routes\complaints.js:9:49)
    at Module._compile (node:internal/modules/cjs/loader:1364:14)

Node.js v18.20.8
[31m[nodemon] app crashed - waiting for file changes before starting...[39m
[32m[nodemon] restarting due to changes...[39m
[32m[nodemon] starting `node server.js`[39m
✅ Environment variables validated
C:\Users\septs\OneDrive\Desktop\clear path\controllers\complaintController.js:83
    let encryptedName, encryptedEmail, encryptedPhone, iv;
        ^

SyntaxError: Identifier 'encryptedName' has already been declared
    at internalCompileFunction (node:internal/vm:76:18)
    at wrapSafe (node:internal/modules/cjs/loader:1283:20)
    at Module._compile (node:internal/modules/cjs/loader:1328:27)
    at Module._extensions..js (node:internal/modules/cjs/loader:1422:10)
    at Module.load (node:internal/modules/cjs/loader:1203:32)
    at Module._load (node:internal/modules/cjs/loader:1019:12)
    at Module.require (node:internal/modules/cjs/loader:1231:19)
    at require (node:internal/modules/helpers:177:18)
    at Object.<anonymous> (C:\Users\septs\OneDrive\Desktop\clear path\routes\complaints.js:9:49)
    at Module._compile (node:internal/modules/cjs/loader:1364:14)

Node.js v18.20.8
[31m[nodemon] app crashed - waiting for file changes before starting...[39m
[32m[nodemon] restarting due to changes...[39m
[32m[nodemon] starting `node server.js`[39m
✅ Environment variables validated
C:\Users\septs\OneDrive\Desktop\clear path\controllers\complaintController.js:83
    let encryptedName, encryptedEmail, encryptedPhone, iv;
        ^

SyntaxError: Identifier 'encryptedName' has already been declared
    at internalCompileFunction (node:internal/vm:76:18)
    at wrapSafe (node:internal/modules/cjs/loader:1283:20)
    at Module._compile (node:internal/modules/cjs/loader:1328:27)
    at Module._extensions..js (node:internal/modules/cjs/loader:1422:10)
    at Module.load (node:internal/modules/cjs/loader:1203:32)
    at Module._load (node:internal/modules/cjs/loader:1019:12)
    at Module.require (node:internal/modules/cjs/loader:1231:19)
    at require (node:internal/modules/helpers:177:18)
    at Object.<anonymous> (C:\Users\septs\OneDrive\Desktop\clear path\routes\complaints.js:9:49)
    at Module._compile (node:internal/modules/cjs/loader:1364:14)

Node.js v18.20.8
[31m[nodemon] app crashed - waiting for file changes before starting...[39m
[32m[nodemon] restarting due to changes...[39m
[32m[nodemon] starting `node server.js`[39m
✅ Environment variables validated
C:\Users\septs\OneDrive\Desktop\clear path\controllers\complaintController.js:83
    let encryptedName, encryptedEmail, encryptedPhone, iv;
        ^

SyntaxError: Identifier 'encryptedName' has already been declared
    at internalCompileFunction (node:internal/vm:76:18)
    at wrapSafe (node:internal/modules/cjs/loader:1283:20)
    at Module._compile (node:internal/modules/cjs/loader:1328:27)
    at Module._extensions..js (node:internal/modules/cjs/loader:1422:10)
    at Module.load (node:internal/modules/cjs/loader:1203:32)
    at Module._load (node:internal/modules/cjs/loader:1019:12)
    at Module.require (node:internal/modules/cjs/loader:1231:19)
    at require (node:internal/modules/helpers:177:18)
    at Object.<anonymous> (C:\Users\septs\OneDrive\Desktop\clear path\routes\complaints.js:9:49)
    at Module._compile (node:internal/modules/cjs/loader:1364:14)

Node.js v18.20.8
[31m[nodemon] app crashed - waiting for file changes before starting...[39m
[32m[nodemon] restarting due to changes...[39m
[32m[nodemon] starting `node server.js`[39m
✅ Environment variables validated
C:\Users\septs\OneDrive\Desktop\clear path\controllers\complaintController.js:83
    let encryptedName, encryptedEmail, encryptedPhone, iv;
        ^

SyntaxError: Identifier 'encryptedName' has already been declared
    at internalCompileFunction (node:internal/vm:76:18)
    at wrapSafe (node:internal/modules/cjs/loader:1283:20)
    at Module._compile (node:internal/modules/cjs/loader:1328:27)
    at Module._extensions..js (node:internal/modules/cjs/loader:1422:10)
    at Module.load (node:internal/modules/cjs/loader:1203:32)
    at Module._load (node:internal/modules/cjs/loader:1019:12)
    at Module.require (node:internal/modules/cjs/loader:1231:19)
    at require (node:internal/modules/helpers:177:18)
    at Object.<anonymous> (C:\Users\septs\OneDrive\Desktop\clear path\routes\cha.js:15:49)
    at Module._compile (node:internal/modules/cjs/loader:1364:14)

Node.js v18.20.8
[31m[nodemon] app crashed - waiting for file changes before starting...[39m
[32m[nodemon] restarting due to changes...[39m
[32m[nodemon] starting `node server.js`[39m
✅ Environment variables validated
C:\Users\septs\OneDrive\Desktop\clear path\controllers\complaintController.js:83
    let encryptedName, encryptedEmail, encryptedPhone, iv;
        ^

SyntaxError: Identifier 'encryptedName' has already been declared
    at internalCompileFunction (node:internal/vm:76:18)
    at wrapSafe (node:internal/modules/cjs/loader:1283:20)
    at Module._compile (node:internal/modules/cjs/loader:1328:27)
    at Module._extensions..js (node:internal/modules/cjs/loader:1422:10)
    at Module.load (node:internal/modules/cjs/loader:1203:32)
    at Module._load (node:internal/modules/cjs/loader:1019:12)
    at Module.require (node:internal/modules/cjs/loader:1231:19)
    at require (node:internal/modules/helpers:177:18)
    at Object.<anonymous> (C:\Users\septs\OneDrive\Desktop\clear path\routes\cha.js:15:49)
    at Module._compile (node:internal/modules/cjs/loader:1364:14)

Node.js v18.20.8
[31m[nodemon] app crashed - waiting for file changes before starting...[39m
[32m[nodemon] restarting due to changes...[39m
[32m[nodemon] starting `node server.js`[39m
✅ Environment variables validated
C:\Users\septs\OneDrive\Desktop\clear path\controllers\complaintController.js:83
    let encryptedName, encryptedEmail, encryptedPhone, iv;
        ^

SyntaxError: Identifier 'encryptedName' has already been declared
    at internalCompileFunction (node:internal/vm:76:18)
    at wrapSafe (node:internal/modules/cjs/loader:1283:20)
    at Module._compile (node:internal/modules/cjs/loader:1328:27)
    at Module._extensions..js (node:internal/modules/cjs/loader:1422:10)
    at Module.load (node:internal/modules/cjs/loader:1203:32)
    at Module._load (node:internal/modules/cjs/loader:1019:12)
    at Module.require (node:internal/modules/cjs/loader:1231:19)
    at require (node:internal/modules/helpers:177:18)
    at Object.<anonymous> (C:\Users\septs\OneDrive\Desktop\clear path\routes\cha.js:15:49)
    at Module._compile (node:internal/modules/cjs/loader:1364:14)

Node.js v18.20.8
[31m[nodemon] app crashed - waiting for file changes before starting...[39m
[32m[nodemon] restarting due to changes...[39m
[32m[nodemon] starting `node server.js`[39m
✅ Environment variables validated
[32m[nodemon] restarting due to changes...[39m
C:\Users\septs\OneDrive\Desktop\clear path\controllers\complaintController.js:83
    let encryptedName, encryptedEmail, encryptedPhone, iv;
        ^

SyntaxError: Identifier 'encryptedName' has already been declared
    at internalCompileFunction (node:internal/vm:76:18)
    at wrapSafe (node:internal/modules/cjs/loader:1283:20)
    at Module._compile (node:internal/modules/cjs/loader:1328:27)
    at Module._extensions..js (node:internal/modules/cjs/loader:1422:10)
    at Module.load (node:internal/modules/cjs/loader:1203:32)
    at Module._load (node:internal/modules/cjs/loader:1019:12)
    at Module.require (node:internal/modules/cjs/loader:1231:19)
    at require (node:internal/modules/helpers:177:18)
    at Object.<anonymous> (C:\Users\septs\OneDrive\Desktop\clear path\routes\cha.js:15:49)
    at Module._compile (node:internal/modules/cjs/loader:1364:14)

Node.js v18.20.8
[32m[nodemon] starting `node server.js`[39m
✅ Environment variables validated
C:\Users\septs\OneDrive\Desktop\clear path\controllers\complaintController.js:83
    let encryptedName, encryptedEmail, encryptedPhone, iv;
        ^

SyntaxError: Identifier 'encryptedName' has already been declared
    at internalCompileFunction (node:internal/vm:76:18)
    at wrapSafe (node:internal/modules/cjs/loader:1283:20)
    at Module._compile (node:internal/modules/cjs/loader:1328:27)
    at Module._extensions..js (node:internal/modules/cjs/loader:1422:10)
    at Module.load (node:internal/modules/cjs/loader:1203:32)
    at Module._load (node:internal/modules/cjs/loader:1019:12)
    at Module.require (node:internal/modules/cjs/loader:1231:19)
    at require (node:internal/modules/helpers:177:18)
    at Object.<anonymous> (C:\Users\septs\OneDrive\Desktop\clear path\routes\cha.js:15:49)
    at Module._compile (node:internal/modules/cjs/loader:1364:14)

Node.js v18.20.8
[31m[nodemon] app crashed - waiting for file changes before starting...[39m
[32m[nodemon] restarting due to changes...[39m
[32m[nodemon] starting `node server.js`[39m
✅ Environment variables validated
[32m[nodemon] restarting due to changes...[39m
C:\Users\septs\OneDrive\Desktop\clear path\controllers\complaintController.js:83
    let encryptedName, encryptedEmail, encryptedPhone, iv;
        ^

SyntaxError: Identifier 'encryptedName' has already been declared
    at internalCompileFunction (node:internal/vm:76:18)
    at wrapSafe (node:internal/modules/cjs/loader:1283:20)
    at Module._compile (node:internal/modules/cjs/loader:1328:27)
    at Module._extensions..js (node:internal/modules/cjs/loader:1422:10)
    at Module.load (node:internal/modules/cjs/loader:1203:32)
    at Module._load (node:internal/modules/cjs/loader:1019:12)
    at Module.require (node:internal/modules/cjs/loader:1231:19)
    at require (node:internal/modules/helpers:177:18)
    at Object.<anonymous> (C:\Users\septs\OneDrive\Desktop\clear path\routes\cha.js:15:49)
    at Module._compile (node:internal/modules/cjs/loader:1364:14)

Node.js v18.20.8
[32m[nodemon] starting `node server.js`[39m
✅ Environment variables validated
C:\Users\septs\OneDrive\Desktop\clear path\controllers\complaintController.js:83
    let encryptedName, encryptedEmail, encryptedPhone, iv;
        ^

SyntaxError: Identifier 'encryptedName' has already been declared
    at internalCompileFunction (node:internal/vm:76:18)
    at wrapSafe (node:internal/modules/cjs/loader:1283:20)
    at Module._compile (node:internal/modules/cjs/loader:1328:27)
    at Module._extensions..js (node:internal/modules/cjs/loader:1422:10)
    at Module.load (node:internal/modules/cjs/loader:1203:32)
    at Module._load (node:internal/modules/cjs/loader:1019:12)
    at Module.require (node:internal/modules/cjs/loader:1231:19)
    at require (node:internal/modules/helpers:177:18)
    at Object.<anonymous> (C:\Users\septs\OneDrive\Desktop\clear path\routes\cha.js:15:49)
    at Module._compile (node:internal/modules/cjs/loader:1364:14)

Node.js v18.20.8
[31m[nodemon] app crashed - waiting for file changes before starting...[39m
[32m[nodemon] restarting due to changes...[39m
[32m[nodemon] starting `node server.js`[39m
✅ Environment variables validated
✅ PostgreSQL connected → localhost:5432/clearpath_db
node:events:495
      throw er; // Unhandled 'error' event
      ^

Error: listen EADDRINUSE: address already in use :::3001
    at Server.setupListenHandle [as _listen2] (node:net:1817:16)
    at listenInCluster (node:net:1865:12)
    at Server.listen (node:net:1953:7)
    at Function.listen (C:\Users\septs\OneDrive\Desktop\clear path\node_modules\express\lib\application.js:635:24)
    at start (C:\Users\septs\OneDrive\Desktop\clear path\server.js:70:7)
    at process.processTicksAndRejections (node:internal/process/task_queues:95:5)
Emitted 'error' event on Server instance at:
    at emitErrorNT (node:net:1844:8)
    at process.processTicksAndRejections (node:internal/process/task_queues:82:21) {
  code: 'EADDRINUSE',
  errno: -4091,
  syscall: 'listen',
  address: '::',
  port: 3001
}

Node.js v18.20.8
[31m[nodemon] app crashed - waiting for file changes before starting...[39m
[32m[nodemon] restarting due to changes...[39m
[32m[nodemon] starting `node server.js`[39m
✅ Environment variables validated
[32m[nodemon] restarting due to changes...[39m
✅ PostgreSQL connected → localhost:5432/clearpath_db

🚀 ClearPath API running on http://localhost:3001
   Environment : undefined
   Health check: http://localhost:3001/health

[32m[nodemon] starting `node server.js`[39m
✅ Environment variables validated
✅ PostgreSQL connected → localhost:5432/clearpath_db
node:events:495
      throw er; // Unhandled 'error' event
      ^

Error: listen EADDRINUSE: address already in use :::3001
    at Server.setupListenHandle [as _listen2] (node:net:1817:16)
    at listenInCluster (node:net:1865:12)
    at Server.listen (node:net:1953:7)
    at Function.listen (C:\Users\septs\OneDrive\Desktop\clear path\node_modules\express\lib\application.js:635:24)
    at start (C:\Users\septs\OneDrive\Desktop\clear path\server.js:70:7)
    at process.processTicksAndRejections (node:internal/process/task_queues:95:5)
Emitted 'error' event on Server instance at:
    at emitErrorNT (node:net:1844:8)
    at process.processTicksAndRejections (node:internal/process/task_queues:82:21) {
  code: 'EADDRINUSE',
  errno: -4091,
  syscall: 'listen',
  address: '::',
  port: 3001
}

Node.js v18.20.8
[31m[nodemon] app crashed - waiting for file changes before starting...[39m
[32m[nodemon] restarting due to changes...[39m
[32m[nodemon] starting `node server.js`[39m
✅ Environment variables validated
[32m[nodemon] restarting due to changes...[39m
✅ PostgreSQL connected → localhost:5432/clearpath_db
node:events:495
      throw er; // Unhandled 'error' event
      ^

Error: listen EADDRINUSE: address already in use :::3001
    at Server.setupListenHandle [as _listen2] (node:net:1817:16)
    at listenInCluster (node:net:1865:12)
    at Server.listen (node:net:1953:7)
    at Function.listen (C:\Users\septs\OneDrive\Desktop\clear path\node_modules\express\lib\application.js:635:24)
    at start (C:\Users\septs\OneDrive\Desktop\clear path\server.js:70:7)
    at process.processTicksAndRejections (node:internal/process/task_queues:95:5)
Emitted 'error' event on Server instance at:
    at emitErrorNT (node:net:1844:8)
    at process.processTicksAndRejections (node:internal/process/task_queues:82:21) {
  code: 'EADDRINUSE',
  errno: -4091,
  syscall: 'listen',
  address: '::',
  port: 3001
}

Node.js v18.20.8
[32m[nodemon] starting `node server.js`[39m
✅ Environment variables validated
✅ PostgreSQL connected → localhost:5432/clearpath_db
node:events:495
      throw er; // Unhandled 'error' event
      ^

Error: listen EADDRINUSE: address already in use :::3001
    at Server.setupListenHandle [as _listen2] (node:net:1817:16)
    at listenInCluster (node:net:1865:12)
    at Server.listen (node:net:1953:7)
    at Function.listen (C:\Users\septs\OneDrive\Desktop\clear path\node_modules\express\lib\application.js:635:24)
    at start (C:\Users\septs\OneDrive\Desktop\clear path\server.js:70:7)
    at process.processTicksAndRejections (node:internal/process/task_queues:95:5)
Emitted 'error' event on Server instance at:
    at emitErrorNT (node:net:1844:8)
    at process.processTicksAndRejections (node:internal/process/task_queues:82:21) {
  code: 'EADDRINUSE',
  errno: -4091,
  syscall: 'listen',
  address: '::',
  port: 3001
}

Node.js v18.20.8
[31m[nodemon] app crashed - waiting for file changes before starting...[39m
[32m[nodemon] restarting due to changes...[39m
[32m[nodemon] starting `node server.js`[39m
✅ Environment variables validated
✅ PostgreSQL connected → localhost:5432/clearpath_db
node:events:495
      throw er; // Unhandled 'error' event
      ^

Error: listen EADDRINUSE: address already in use :::3001
    at Server.setupListenHandle [as _listen2] (node:net:1817:16)
    at listenInCluster (node:net:1865:12)
    at Server.listen (node:net:1953:7)
    at Function.listen (C:\Users\septs\OneDrive\Desktop\clear path\node_modules\express\lib\application.js:635:24)
    at start (C:\Users\septs\OneDrive\Desktop\clear path\server.js:70:7)
    at process.processTicksAndRejections (node:internal/process/task_queues:95:5)
Emitted 'error' event on Server instance at:
    at emitErrorNT (node:net:1844:8)
    at process.processTicksAndRejections (node:internal/process/task_queues:82:21) {
  code: 'EADDRINUSE',
  errno: -4091,
  syscall: 'listen',
  address: '::',
  port: 3001
}

Node.js v18.20.8
[31m[nodemon] app crashed - waiting for file changes before starting...[39m
[32m[nodemon] restarting due to changes...[39m
[32m[nodemon] starting `node server.js`[39m
✅ Environment variables validated
[32m[nodemon] restarting due to changes...[39m
✅ PostgreSQL connected → localhost:5432/clearpath_db

🚀 ClearPath API running on http://localhost:3001
   Environment : undefined
   Health check: http://localhost:3001/health

[32m[nodemon] starting `node server.js`[39m
✅ Environment variables validated
✅ PostgreSQL connected → localhost:5432/clearpath_db
node:events:495
      throw er; // Unhandled 'error' event
      ^

Error: listen EADDRINUSE: address already in use :::3001
    at Server.setupListenHandle [as _listen2] (node:net:1817:16)
    at listenInCluster (node:net:1865:12)
    at Server.listen (node:net:1953:7)
    at Function.listen (C:\Users\septs\OneDrive\Desktop\clear path\node_modules\express\lib\application.js:635:24)
    at start (C:\Users\septs\OneDrive\Desktop\clear path\server.js:70:7)
    at process.processTicksAndRejections (node:internal/process/task_queues:95:5)
Emitted 'error' event on Server instance at:
    at emitErrorNT (node:net:1844:8)
    at process.processTicksAndRejections (node:internal/process/task_queues:82:21) {
  code: 'EADDRINUSE',
  errno: -4091,
  syscall: 'listen',
  address: '::',
  port: 3001
}

Node.js v18.20.8
[31m[nodemon] app crashed - waiting for file changes before starting...[39m
[32m[nodemon] restarting due to changes...[39m
[32m[nodemon] starting `node server.js`[39m
[32m[nodemon] restarting due to changes...[39m
[32m[nodemon] restarting due to changes...[39m
[32m[nodemon] restarting due to changes...[39m
[32m[nodemon] restarting due to changes...[39m
✅ Environment variables validated
[32m[nodemon] restarting due to changes...[39m
[32m[nodemon] starting `node server.js`[39m
[32m[nodemon] restarting due to changes...[39m
[32m[nodemon] restarting due to changes...[39m
[32m[nodemon] restarting due to changes...[39m
[32m[nodemon] restarting due to changes...[39m
[32m[nodemon] restarting due to changes...[39m
[32m[nodemon] restarting due to changes...[39m
[32m[nodemon] restarting due to changes...[39m
[32m[nodemon] restarting due to changes...[39m
[32m[nodemon] restarting due to changes...[39m
[32m[nodemon] restarting due to changes...[39m
[32m[nodemon] restarting due to changes...[39m
[32m[nodemon] restarting due to changes...[39m
✅ Environment variables validated
[32m[nodemon] restarting due to changes...[39m
[32m[nodemon] restarting due to changes...[39m
[32m[nodemon] starting `node server.js`[39m
✅ Environment variables validated
✅ PostgreSQL connected → localhost:5432/clearpath_db
node:events:495
      throw er; // Unhandled 'error' event
      ^

Error: listen EADDRINUSE: address already in use :::3001
    at Server.setupListenHandle [as _listen2] (node:net:1817:16)
    at listenInCluster (node:net:1865:12)
    at Server.listen (node:net:1953:7)
    at Function.listen (C:\Users\septs\OneDrive\Desktop\clear path\node_modules\express\lib\application.js:635:24)
    at start (C:\Users\septs\OneDrive\Desktop\clear path\server.js:70:7)
    at process.processTicksAndRejections (node:internal/process/task_queues:95:5)
Emitted 'error' event on Server instance at:
    at emitErrorNT (node:net:1844:8)
    at process.processTicksAndRejections (node:internal/process/task_queues:82:21) {
  code: 'EADDRINUSE',
  errno: -4091,
  syscall: 'listen',
  address: '::',
  port: 3001
}

Node.js v18.20.8
[31m[nodemon] app crashed - waiting for file changes before starting...[39m
[32m[nodemon] restarting due to changes...[39m
[32m[nodemon] starting `node server.js`[39m
[32m[nodemon] restarting due to changes...[39m
[32m[nodemon] restarting due to changes...[39m
[32m[nodemon] restarting due to changes...[39m
[32m[nodemon] restarting due to changes...[39m
[32m[nodemon] restarting due to changes...[39m
✅ Environment variables validated
[32m[nodemon] restarting due to changes...[39m
[32m[nodemon] restarting due to changes...[39m
[32m[nodemon] restarting due to changes...[39m
[32m[nodemon] restarting due to changes...[39m
[32m[nodemon] restarting due to changes...[39m
[32m[nodemon] restarting due to changes...[39m
[32m[nodemon] restarting due to changes...[39m
[32m[nodemon] restarting due to changes...[39m
[32m[nodemon] restarting due to changes...[39m
[32m[nodemon] starting `node server.js`[39m
✅ Environment variables validated
✅ PostgreSQL connected → localhost:5432/clearpath_db
node:events:495
      throw er; // Unhandled 'error' event
      ^

Error: listen EADDRINUSE: address already in use :::3001
    at Server.setupListenHandle [as _listen2] (node:net:1817:16)
    at listenInCluster (node:net:1865:12)
    at Server.listen (node:net:1953:7)
    at Function.listen (C:\Users\septs\OneDrive\Desktop\clear path\node_modules\express\lib\application.js:635:24)
    at start (C:\Users\septs\OneDrive\Desktop\clear path\server.js:70:7)
    at process.processTicksAndRejections (node:internal/process/task_queues:95:5)
Emitted 'error' event on Server instance at:
    at emitErrorNT (node:net:1844:8)
    at process.processTicksAndRejections (node:internal/process/task_queues:82:21) {
  code: 'EADDRINUSE',
  errno: -4091,
  syscall: 'listen',
  address: '::',
  port: 3001
}

Node.js v18.20.8
[31m[nodemon] app crashed - waiting for file changes before starting...[39m
[32m[nodemon] restarting due to changes...[39m
[32m[nodemon] starting `node server.js`[39m
[32m[nodemon] restarting due to changes...[39m
[32m[nodemon] restarting due to changes...[39m
[32m[nodemon] restarting due to changes...[39m
[32m[nodemon] restarting due to changes...[39m
✅ Environment variables validated
[32m[nodemon] restarting due to changes...[39m
[32m[nodemon] restarting due to changes...[39m
[32m[nodemon] restarting due to changes...[39m
[32m[nodemon] restarting due to changes...[39m
[32m[nodemon] restarting due to changes...[39m
[32m[nodemon] restarting due to changes...[39m
[32m[nodemon] restarting due to changes...[39m
[32m[nodemon] restarting due to changes...[39m
[32m[nodemon] restarting due to changes...[39m
[32m[nodemon] restarting due to changes...[39m
[32m[nodemon] restarting due to changes...[39m
[32m[nodemon] starting `node server.js`[39m
✅ Environment variables validated
[32m[nodemon] restarting due to changes...[39m
[32m[nodemon] restarting due to changes...[39m
[32m[nodemon] restarting due to changes...[39m
[32m[nodemon] restarting due to changes...[39m
[32m[nodemon] restarting due to changes...[39m
[32m[nodemon] restarting due to changes...[39m
[32m[nodemon] restarting due to changes...[39m
node:internal/modules/cjs/loader:1143
  throw err;
  ^

Error: Cannot find module '../services/notificationService'
Require stack:
- C:\Users\septs\OneDrive\Desktop\clear path\controllers\complaintController.js
- C:\Users\septs\OneDrive\Desktop\clear path\routes\cha.js
- C:\Users\septs\OneDrive\Desktop\clear path\server.js
    at Module._resolveFilename (node:internal/modules/cjs/loader:1140:15)
    at Module._load (node:internal/modules/cjs/loader:981:27)
    at Module.require (node:internal/modules/cjs/loader:1231:19)
    at require (node:internal/modules/helpers:177:18)
    at Object.<anonymous> (C:\Users\septs\OneDrive\Desktop\clear path\controllers\complaintController.js:13:42)
    at Module._compile (node:internal/modules/cjs/loader:1364:14)
    at Module._extensions..js (node:internal/modules/cjs/loader:1422:10)
    at Module.load (node:internal/modules/cjs/loader:1203:32)
    at Module._load (node:internal/modules/cjs/loader:1019:12)
    at Module.require (node:internal/modules/cjs/loader:1231:19) {
  code: 'MODULE_NOT_FOUND',
  requireStack: [
    'C:\\Users\\septs\\OneDrive\\Desktop\\clear path\\controllers\\complaintController.js',
    'C:\\Users\\septs\\OneDrive\\Desktop\\clear path\\routes\\cha.js',
    'C:\\Users\\septs\\OneDrive\\Desktop\\clear path\\server.js'
  ]
}

Node.js v18.20.8
[32m[nodemon] starting `node server.js`[39m
✅ Environment variables validated
node:internal/modules/cjs/loader:1143
  throw err;
  ^

Error: Cannot find module '../services/notificationService'
Require stack:
- C:\Users\septs\OneDrive\Desktop\clear path\controllers\complaintController.js
- C:\Users\septs\OneDrive\Desktop\clear path\routes\cha.js
- C:\Users\septs\OneDrive\Desktop\clear path\server.js
    at Module._resolveFilename (node:internal/modules/cjs/loader:1140:15)
    at Module._load (node:internal/modules/cjs/loader:981:27)
    at Module.require (node:internal/modules/cjs/loader:1231:19)
    at require (node:internal/modules/helpers:177:18)
    at Object.<anonymous> (C:\Users\septs\OneDrive\Desktop\clear path\controllers\complaintController.js:13:42)
    at Module._compile (node:internal/modules/cjs/loader:1364:14)
    at Module._extensions..js (node:internal/modules/cjs/loader:1422:10)
    at Module.load (node:internal/modules/cjs/loader:1203:32)
    at Module._load (node:internal/modules/cjs/loader:1019:12)
    at Module.require (node:internal/modules/cjs/loader:1231:19) {
  code: 'MODULE_NOT_FOUND',
  requireStack: [
    'C:\\Users\\septs\\OneDrive\\Desktop\\clear path\\controllers\\complaintController.js',
    'C:\\Users\\septs\\OneDrive\\Desktop\\clear path\\routes\\cha.js',
    'C:\\Users\\septs\\OneDrive\\Desktop\\clear path\\server.js'
  ]
}

Node.js v18.20.8
[31m[nodemon] app crashed - waiting for file changes before starting...[39m
[32m[nodemon] restarting due to changes...[39m
[32m[nodemon] starting `node server.js`[39m
[32m[nodemon] restarting due to changes...[39m
[32m[nodemon] restarting due to changes...[39m
[32m[nodemon] restarting due to changes...[39m
[32m[nodemon] restarting due to changes...[39m
[32m[nodemon] restarting due to changes...[39m
[32m[nodemon] restarting due to changes...[39m
[32m[nodemon] restarting due to changes...[39m
✅ Environment variables validated
[32m[nodemon] restarting due to changes...[39m
[32m[nodemon] restarting due to changes...[39m
[32m[nodemon] restarting due to changes...[39m
[32m[nodemon] restarting due to changes...[39m
[32m[nodemon] restarting due to changes...[39m
[32m[nodemon] restarting due to changes...[39m
[32m[nodemon] restarting due to changes...[39m
[32m[nodemon] starting `node server.js`[39m
✅ Environment variables validated
node:internal/modules/cjs/loader:1143
  throw err;
  ^

Error: Cannot find module '../services/notificationService'
Require stack:
- C:\Users\septs\OneDrive\Desktop\clear path\controllers\complaintController.js
- C:\Users\septs\OneDrive\Desktop\clear path\routes\complaints.js
- C:\Users\septs\OneDrive\Desktop\clear path\server.js
    at Module._resolveFilename (node:internal/modules/cjs/loader:1140:15)
    at Module._load (node:internal/modules/cjs/loader:981:27)
    at Module.require (node:internal/modules/cjs/loader:1231:19)
    at require (node:internal/modules/helpers:177:18)
    at Object.<anonymous> (C:\Users\septs\OneDrive\Desktop\clear path\controllers\complaintController.js:13:42)
    at Module._compile (node:internal/modules/cjs/loader:1364:14)
    at Module._extensions..js (node:internal/modules/cjs/loader:1422:10)
    at Module.load (node:internal/modules/cjs/loader:1203:32)
    at Module._load (node:internal/modules/cjs/loader:1019:12)
    at Module.require (node:internal/modules/cjs/loader:1231:19) {
  code: 'MODULE_NOT_FOUND',
  requireStack: [
    'C:\\Users\\septs\\OneDrive\\Desktop\\clear path\\controllers\\complaintController.js',
    'C:\\Users\\septs\\OneDrive\\Desktop\\clear path\\routes\\complaints.js',
    'C:\\Users\\septs\\OneDrive\\Desktop\\clear path\\server.js'
  ]
}

Node.js v18.20.8
[31m[nodemon] app crashed - waiting for file changes before starting...[39m
[32m[nodemon] restarting due to changes...[39m
[32m[nodemon] starting `node server.js`[39m
✅ Environment variables validated
node:internal/modules/cjs/loader:1143
  throw err;
  ^

Error: Cannot find module '../services/notificationService'
Require stack:
- C:\Users\septs\OneDrive\Desktop\clear path\controllers\complaintController.js
- C:\Users\septs\OneDrive\Desktop\clear path\routes\complaints.js
- C:\Users\septs\OneDrive\Desktop\clear path\server.js
    at Module._resolveFilename (node:internal/modules/cjs/loader:1140:15)
    at Module._load (node:internal/modules/cjs/loader:981:27)
    at Module.require (node:internal/modules/cjs/loader:1231:19)
    at require (node:internal/modules/helpers:177:18)
    at Object.<anonymous> (C:\Users\septs\OneDrive\Desktop\clear path\controllers\complaintController.js:13:42)
    at Module._compile (node:internal/modules/cjs/loader:1364:14)
    at Module._extensions..js (node:internal/modules/cjs/loader:1422:10)
    at Module.load (node:internal/modules/cjs/loader:1203:32)
    at Module._load (node:internal/modules/cjs/loader:1019:12)
    at Module.require (node:internal/modules/cjs/loader:1231:19) {
  code: 'MODULE_NOT_FOUND',
  requireStack: [
    'C:\\Users\\septs\\OneDrive\\Desktop\\clear path\\controllers\\complaintController.js',
    'C:\\Users\\septs\\OneDrive\\Desktop\\clear path\\routes\\complaints.js',
    'C:\\Users\\septs\\OneDrive\\Desktop\\clear path\\server.js'
  ]
}

Node.js v18.20.8
[31m[nodemon] app crashed - waiting for file changes before starting...[39m
[32m[nodemon] restarting due to changes...[39m
[32m[nodemon] starting `node server.js`[39m
✅ Environment variables validated
[32m[nodemon] restarting due to changes...[39m
node:internal/modules/cjs/loader:1143
  throw err;
  ^

Error: Cannot find module '../services/notificationService'
Require stack:
- C:\Users\septs\OneDrive\Desktop\clear path\controllers\complaintController.js
- C:\Users\septs\OneDrive\Desktop\clear path\routes\complaints.js
- C:\Users\septs\OneDrive\Desktop\clear path\server.js
    at Module._resolveFilename (node:internal/modules/cjs/loader:1140:15)
    at Module._load (node:internal/modules/cjs/loader:981:27)
    at Module.require (node:internal/modules/cjs/loader:1231:19)
    at require (node:internal/modules/helpers:177:18)
    at Object.<anonymous> (C:\Users\septs\OneDrive\Desktop\clear path\controllers\complaintController.js:13:42)
    at Module._compile (node:internal/modules/cjs/loader:1364:14)
    at Module._extensions..js (node:internal/modules/cjs/loader:1422:10)
    at Module.load (node:internal/modules/cjs/loader:1203:32)
    at Module._load (node:internal/modules/cjs/loader:1019:12)
    at Module.require (node:internal/modules/cjs/loader:1231:19) {
  code: 'MODULE_NOT_FOUND',
  requireStack: [
    'C:\\Users\\septs\\OneDrive\\Desktop\\clear path\\controllers\\complaintController.js',
    'C:\\Users\\septs\\OneDrive\\Desktop\\clear path\\routes\\complaints.js',
    'C:\\Users\\septs\\OneDrive\\Desktop\\clear path\\server.js'
  ]
}

Node.js v18.20.8
[32m[nodemon] starting `node server.js`[39m
✅ Environment variables validated
node:internal/modules/cjs/loader:1143
  throw err;
  ^

Error: Cannot find module '../services/notificationService'
Require stack:
- C:\Users\septs\OneDrive\Desktop\clear path\controllers\complaintController.js
- C:\Users\septs\OneDrive\Desktop\clear path\routes\complaints.js
- C:\Users\septs\OneDrive\Desktop\clear path\server.js
    at Module._resolveFilename (node:internal/modules/cjs/loader:1140:15)
    at Module._load (node:internal/modules/cjs/loader:981:27)
    at Module.require (node:internal/modules/cjs/loader:1231:19)
    at require (node:internal/modules/helpers:177:18)
    at Object.<anonymous> (C:\Users\septs\OneDrive\Desktop\clear path\controllers\complaintController.js:13:42)
    at Module._compile (node:internal/modules/cjs/loader:1364:14)
    at Module._extensions..js (node:internal/modules/cjs/loader:1422:10)
    at Module.load (node:internal/modules/cjs/loader:1203:32)
    at Module._load (node:internal/modules/cjs/loader:1019:12)
    at Module.require (node:internal/modules/cjs/loader:1231:19) {
  code: 'MODULE_NOT_FOUND',
  requireStack: [
    'C:\\Users\\septs\\OneDrive\\Desktop\\clear path\\controllers\\complaintController.js',
    'C:\\Users\\septs\\OneDrive\\Desktop\\clear path\\routes\\complaints.js',
    'C:\\Users\\septs\\OneDrive\\Desktop\\clear path\\server.js'
  ]
}

Node.js v18.20.8
[31m[nodemon] app crashed - waiting for file changes before starting...[39m
[32m[nodemon] restarting due to changes...[39m
[32m[nodemon] starting `node server.js`[39m
✅ Environment variables validated
✅ PostgreSQL connected → localhost:5432/clearpath_db
node:events:495
      throw er; // Unhandled 'error' event
      ^

Error: listen EADDRINUSE: address already in use :::3001
    at Server.setupListenHandle [as _listen2] (node:net:1817:16)
    at listenInCluster (node:net:1865:12)
    at Server.listen (node:net:1953:7)
    at Function.listen (C:\Users\septs\OneDrive\Desktop\clear path\node_modules\express\lib\application.js:635:24)
    at start (C:\Users\septs\OneDrive\Desktop\clear path\server.js:70:7)
    at process.processTicksAndRejections (node:internal/process/task_queues:95:5)
Emitted 'error' event on Server instance at:
    at emitErrorNT (node:net:1844:8)
    at process.processTicksAndRejections (node:internal/process/task_queues:82:21) {
  code: 'EADDRINUSE',
  errno: -4091,
  syscall: 'listen',
  address: '::',
  port: 3001
}

Node.js v18.20.8
[31m[nodemon] app crashed - waiting for file changes before starting...[39m
[32m[nodemon] restarting due to changes...[39m
[32m[nodemon] starting `node server.js`[39m
✅ Environment variables validated
[32m[nodemon] restarting due to changes...[39m
✅ PostgreSQL connected → localhost:5432/clearpath_db

🚀 ClearPath API running on http://localhost:3001
   Environment : undefined
   Health check: http://localhost:3001/health

[32m[nodemon] starting `node server.js`[39m
✅ Environment variables validated
✅ PostgreSQL connected → localhost:5432/clearpath_db
node:events:495
      throw er; // Unhandled 'error' event
      ^

Error: listen EADDRINUSE: address already in use :::3001
    at Server.setupListenHandle [as _listen2] (node:net:1817:16)
    at listenInCluster (node:net:1865:12)
    at Server.listen (node:net:1953:7)
    at Function.listen (C:\Users\septs\OneDrive\Desktop\clear path\node_modules\express\lib\application.js:635:24)
    at start (C:\Users\septs\OneDrive\Desktop\clear path\server.js:70:7)
    at process.processTicksAndRejections (node:internal/process/task_queues:95:5)
Emitted 'error' event on Server instance at:
    at emitErrorNT (node:net:1844:8)
    at process.processTicksAndRejections (node:internal/process/task_queues:82:21) {
  code: 'EADDRINUSE',
  errno: -4091,
  syscall: 'listen',
  address: '::',
  port: 3001
}

Node.js v18.20.8
[31m[nodemon] app crashed - waiting for file changes before starting...[39m
[32m[nodemon] restarting due to changes...[39m
[32m[nodemon] starting `node server.js`[39m
✅ Environment variables validated
✅ PostgreSQL connected → localhost:5432/clearpath_db

🚀 ClearPath API running on http://localhost:3001
   Environment : undefined
   Health check: http://localhost:3001/health

[32m[nodemon] restarting due to changes...[39m
[32m[nodemon] restarting due to changes...[39m
[32m[nodemon] starting `node server.js`[39m
✅ Environment variables validated
✅ PostgreSQL connected → localhost:5432/clearpath_db

🚀 ClearPath API running on http://localhost:3001
   Environment : undefined
   Health check: http://localhost:3001/health

